p:\concordia\semesters\2019fall\m415\project\graphics_maze_example2_project_organization\debug\vc120.pdb
p:\concordia\semesters\2019fall\m415\project\graphics_maze_example2_project_organization\debug\timer.obj
p:\concordia\semesters\2019fall\m415\project\graphics_maze_example2_project_organization\debug\rotation.obj
p:\concordia\semesters\2019fall\m415\project\graphics_maze_example2_project_organization\debug\robot.obj
p:\concordia\semesters\2019fall\m415\project\graphics_maze_example2_project_organization\debug\ran3.obj
p:\concordia\semesters\2019fall\m415\project\graphics_maze_example2_project_organization\debug\ran2.obj
p:\concordia\semesters\2019fall\m415\project\graphics_maze_example2_project_organization\debug\ran.obj
p:\concordia\semesters\2019fall\m415\project\graphics_maze_example2_project_organization\debug\iarray.obj
p:\concordia\semesters\2019fall\m415\project\graphics_maze_example2_project_organization\debug\graphics.obj
p:\concordia\semesters\2019fall\m415\project\graphics_maze_example2_project_organization\debug\draw_3d_graphics.obj
p:\concordia\semesters\2019fall\m415\project\graphics_maze_example2_project_organization\debug\my_project.obj
p:\concordia\semesters\2019fall\m415\project\graphics_maze_example2_project_organization\debug\serial_com.obj
p:\concordia\semesters\2019fall\m415\project\graphics_maze_example2_project_organization\debug\vertices.ilk
p:\concordia\semesters\2019fall\m415\project\graphics_maze_example2_project_organization\debug\vertices.pdb
p:\concordia\semesters\2019fall\m415\project\graphics_maze_example2_project_organization\debug\vertices.exe
p:\concordia\semesters\2019fall\m415\project\graphics_maze_example2_project_organization\debug\vertices.tlog\cl.read.1.tlog
p:\concordia\semesters\2019fall\m415\project\graphics_maze_example2_project_organization\debug\vertices.tlog\cl.write.1.tlog
p:\concordia\semesters\2019fall\m415\project\graphics_maze_example2_project_organization\debug\vertices.tlog\cl.command.1.tlog
p:\concordia\semesters\2019fall\m415\project\graphics_maze_example2_project_organization\debug\vertices.tlog\link.read.1.tlog
p:\concordia\semesters\2019fall\m415\project\graphics_maze_example2_project_organization\debug\vertices.tlog\link.write.1.tlog
p:\concordia\semesters\2019fall\m415\project\graphics_maze_example2_project_organization\debug\vertices.tlog\link.command.1.tlog
